<?xml version="1.0" encoding="UTF-8" ?>
<testsuite errors="0" failures="0" hostname="Tigrans-MacBook-Air.local" name="twitter.staff.ExtractTestRunner" skipped="0" tests="1" time="0.28" timestamp="2021-04-11T05:29:02">
  <properties>
    <property name="gopherProxySet" value="false" />
    <property name="ant.library.dir" value="/Applications/IntelliJ IDEA CE.app/Contents/lib/ant/lib" />
    <property name="awt.toolkit" value="sun.lwawt.macosx.LWCToolkit" />
    <property name="ant.file.type" value="file" />
    <property name="java.specification.version" value="11" />
    <property name="sun.cpu.isalist" value="" />
    <property name="sun.jnu.encoding" value="UTF-8" />
    <property name="which.tests.ran" value="BETA" />
    <property name="java.class.path" value="/Users/tigran/Desktop/mit-6.005/tweet/lib/junit-4.12.jar:/Users/tigran/Desktop/mit-6.005/tweet/lib/hamcrest-core-1.3.jar:/Users/tigran/Desktop/mit-6.005/tweet/.grader/bin-impls-empty:/Users/tigran/Desktop/mit-6.005/tweet/.grader/bin-impls-staff:/Users/tigran/Desktop/mit-6.005/tweet/.grader/bin-tests-student:/Applications/IntelliJ IDEA CE.app/Contents/lib/ant/lib/ant-launcher.jar:/Applications/IntelliJ IDEA CE.app/Contents/lib/ant/lib/ant.jar:/Applications/IntelliJ IDEA CE.app/Contents/lib/ant/lib/ant-junit.jar:/Applications/IntelliJ IDEA CE.app/Contents/lib/ant/lib/ant-junit4.jar" />
    <property name="project.name" value="ps2-tweets" />
    <property name="java.vm.vendor" value="Oracle Corporation" />
    <property name="sun.arch.data.model" value="64" />
    <property name="java.vendor.url" value="https://openjdk.java.net/" />
    <property name="user.timezone" value="" />
    <property name="os.name" value="Mac OS X" />
    <property name="build.sysclasspath" value="ignore" />
    <property name="java.vm.specification.version" value="11" />
    <property name="user.country" value="AM" />
    <property name="sun.java.launcher" value="SUN_STANDARD" />
    <property name="sun.boot.library.path" value="/Library/Java/JavaVirtualMachines/jdk-11.0.9.jdk/Contents/Home/lib" />
    <property name="problem.set" value="ps2" />
    <property name="sun.java.command" value="org.apache.tools.ant.taskdefs.optional.junit.JUnitTestRunner twitter.staff.ExtractTestRunner skipNonTests=false filtertrace=true haltOnError=false haltOnFailure=false showoutput=false outputtoformatters=true logfailedtests=true threadid=0 logtestlistenerevents=false formatter=org.apache.tools.ant.taskdefs.optional.junit.XMLJUnitResultFormatter,/Users/tigran/Desktop/mit-6.005/tweet/.grader/TEST-twitter.staff.ExtractTestRunner.xml crashfile=/Users/tigran/Desktop/mit-6.005/tweet/.grader/junitvmwatcher5319041492560580916.properties propsfile=/Users/tigran/Desktop/mit-6.005/tweet/.grader/junit12216679850617728009.properties" />
    <property name="zipfile" value="my-submission.zip" />
    <property name="http.nonProxyHosts" value="local|*.local|169.254/16|*.169.254/16" />
    <property name="jdk.debug" value="release" />
    <property name="beta.grader.jar" value="ps2-beta-grader.jar" />
    <property name="sun.cpu.endian" value="little" />
    <property name="user.home" value="/Users/tigran" />
    <property name="user.language" value="en" />
    <property name="grader.report.file" value="my-grader-report.xml" />
    <property name="java.specification.vendor" value="Oracle Corporation" />
    <property name="java.version.date" value="2020-10-20" />
    <property name="java.home" value="/Library/Java/JavaVirtualMachines/jdk-11.0.9.jdk/Contents/Home" />
    <property name="basedir" value="/Users/tigran/Desktop/mit-6.005/tweet" />
    <property name="file.separator" value="/" />
    <property name="java.vm.compressedOopsMode" value="Zero based" />
    <property name="line.separator" value="&#xa;" />
    <property name="ant.java.version" value="11" />
    <property name="java.specification.name" value="Java Platform API Specification" />
    <property name="java.vm.specification.vendor" value="Oracle Corporation" />
    <property name="final.grader.jar" value="ps2-final-grader.jar" />
    <property name="java.awt.graphicsenv" value="sun.awt.CGraphicsEnvironment" />
    <property name="sun.management.compiler" value="HotSpot 64-Bit Tiered Compilers" />
    <property name="ftp.nonProxyHosts" value="local|*.local|169.254/16|*.169.254/16" />
    <property name="java.runtime.version" value="11.0.9+7-LTS" />
    <property name="user.name" value="tigran" />
    <property name="ant.file" value="/Users/tigran/Desktop/mit-6.005/tweet/grader.xml" />
    <property name="path.separator" value=":" />
    <property name="os.version" value="10.15.7" />
    <property name="ant.build.javac.target" value="1.8" />
    <property name="java.runtime.name" value="Java(TM) SE Runtime Environment" />
    <property name="file.encoding" value="UTF-8" />
    <property name="ant.project.invoked-targets" value="all" />
    <property name="java.vm.name" value="Java HotSpot(TM) 64-Bit Server VM" />
    <property name="java.vendor.version" value="18.9" />
    <property name="didit.desc" value="Running your tests against a broken staff implementation. Succeeds when at least one of your tests fails, since this implementation has bugs." />
    <property name="ant.core.lib" value="/Applications/IntelliJ IDEA CE.app/Contents/lib/ant/lib/ant.jar" />
    <property name="java.vendor.url.bug" value="https://bugreport.java.com/bugreport/" />
    <property name="java.io.tmpdir" value="/var/folders/cc/lys7jfx96ygb8_g5ll_yyb_40000gn/T/" />
    <property name="java.version" value="11.0.9" />
    <property name="user.dir" value="/Users/tigran/Desktop/mit-6.005/tweet" />
    <property name="os.arch" value="x86_64" />
    <property name="grader.dir" value=".grader" />
    <property name="java.vm.specification.name" value="Java Virtual Machine Specification" />
    <property name="java.awt.printerjob" value="sun.lwawt.macosx.CPrinterJob" />
    <property name="ant.home" value="/Applications/IntelliJ IDEA CE.app/Contents/lib/ant" />
    <property name="sun.os.patch.level" value="unknown" />
    <property name="ant.version" value="Apache Ant(TM) version 1.10.5 compiled on July 10 2018" />
    <property name="java.library.path" value="/Users/tigran/Library/Java/Extensions:/Library/Java/Extensions:/Network/Library/Java/Extensions:/System/Library/Java/Extensions:/usr/lib/java:." />
    <property name="java.vendor" value="Oracle Corporation" />
    <property name="java.vm.info" value="mixed mode" />
    <property name="java.vm.version" value="11.0.9+7-LTS" />
    <property name="sun.io.unicode.encoding" value="UnicodeBig" />
    <property name="socksNonProxyHosts" value="local|*.local|169.254/16|*.169.254/16" />
    <property name="java.class.version" value="55.0" />
    <property name="ant.project.default-target" value="all" />
  </properties>
  <testcase classname="twitter.staff.ExtractTestRunner" name="yourTests_staffBadImpl_Extract_alwaysReturnsEmpty" time="0.043" />
  <system-out><![CDATA[]]></system-out>
  <system-err><![CDATA[]]></system-err>
</testsuite>
